<?xml version="1.0" encoding="UTF-8"?>
<!-- Generated by org.testng.reporters.JUnitXMLReporter -->
<testsuite ignored="0" hostname="Admin-PC" failures="1" tests="1" name="Check test NG" time="19.402" errors="0" timestamp="2025-04-15T23:59:46 GMT+07:00">
  <testcase classname="TestCase.update_infor" name="TEST_01" time="2.671">
    <failure type="java.lang.AssertionError" message="expected [    Linh] but found [Linh]">
      <![CDATA[java.lang.AssertionError: expected [    Linh] but found [Linh]
at Interface.InterfaceUpdateInfor.updateInfor(InterfaceUpdateInfor.java:58)
at TestCase.update_infor.TEST_01(update_infor.java:31)
at java.base/java.util.ArrayList.forEach(ArrayList.java:1511)
... Removed 33 stack frames]]>
    </failure>
  </testcase> <!-- TEST_01 -->
</testsuite> <!-- Check test NG -->
